[info] welcome to sbt 1.6.1 (Private Build Java 1.8.0_312)
[info] loading global plugins from /home/ahmad/.sbt/1.0/plugins
[info] loading settings for project jars-build from plugins.sbt ...
[info] loading project definition from /mnt/a/Projects/Blog/content/post/2022-01-03-scala-data-structures/jars/project
[info] loading settings for project jars from build.sbt ...
[info] set current project to jars (in build file:/mnt/a/Projects/Blog/content/post/2022-01-03-scala-data-structures/jars/)
[info] [jars] Creating a distributable package in target/pack
[info] [jars] Copying libraries to target/pack/lib
[info] [jars] project jars:
[info] target/scala-2.12/jars_2.12-0.1.0-SNAPSHOT.jar
[info] [jars] project dependencies:
[info] net.minidev:json-smart:2.3
[info] net.minidev:json-smart:2.3
[info] net.minidev:json-smart:2.3
[info] org.apache.hadoop:hadoop-yarn-common:3.2.0
[info] org.apache.hadoop:hadoop-yarn-common:3.2.0
[info] org.apache.parquet:parquet-format:2.4.0
[info] org.apache.parquet:parquet-format:2.4.0
[info] org.apache.kerby:kerby-asn1:1.0.1
[info] org.apache.kerby:kerby-asn1:1.0.1
[info] org.apache.kerby:kerby-asn1:1.0.1
[info] org.apache.kerby:kerb-client:1.0.1
[info] org.apache.kerby:kerb-client:1.0.1
[info] org.apache.kerby:kerb-client:1.0.1
[info] org.glassfish.hk2.external:jakarta.inject:2.6.1
[info] org.glassfish.hk2.external:jakarta.inject:2.6.1
[info] org.apache.hadoop:hadoop-mapreduce-client-core:3.2.0
[info] org.apache.hadoop:hadoop-mapreduce-client-core:3.2.0
[info] org.apache.xbean:xbean-asm7-shaded:4.15
[info] org.apache.hadoop:hadoop-common:3.2.0
[info] com.google.inject:guice:4.0
[info] log4j:log4j:1.2.17
[info] org.glassfish.hk2:hk2-api:2.6.1
[info] org.apache.parquet:parquet-common:1.10.1
[info] com.fasterxml.jackson.jaxrs:jackson-jaxrs-base:2.9.5
[info] com.fasterxml.jackson.jaxrs:jackson-jaxrs-base:2.9.5
[info] org.codehaus.woodstox:stax2-api:3.1.4
[info] org.glassfish.jersey.containers:jersey-container-servlet-core:2.30
[info] io.dropwizard.metrics:metrics-json:4.1.1
[info] org.apache.spark:spark-unsafe_2.12:3.1.2
[info] com.google.guava:guava:16.0.1
[info] com.google.guava:guava:16.0.1
[info] com.google.guava:guava:16.0.1
[info] com.google.guava:guava:16.0.1
[info] org.eclipse.jetty:jetty-servlet:9.3.24.v20180605
[info] com.fasterxml.woodstox:woodstox-core:5.0.3
[info] com.fasterxml.jackson.module:jackson-module-scala_2.12:2.10.0
[info] org.apache.kerby:kerby-util:1.0.1
[info] org.apache.kerby:kerby-util:1.0.1
[info] org.apache.kerby:kerby-util:1.0.1
[info] org.apache.arrow:arrow-format:2.0.0
[info] org.scala-lang:scala-reflect:2.12.3
[info] javax.inject:javax.inject:1
[info] oro:oro:2.0.8
[info] org.scala-lang.modules:scala-xml_2.12:1.2.0
[info] org.apache.commons:commons-math3:3.4.1
[info] jline:jline:0.9.94
[info] org.apache.kerby:kerb-simplekdc:1.0.1
[info] org.apache.kerby:kerb-simplekdc:1.0.1
[info] org.apache.kerby:kerb-simplekdc:1.0.1
[info] com.squareup.okio:okio:1.6.0
[info] com.squareup.okio:okio:1.6.0
[info] com.squareup.okio:okio:1.6.0
[info] org.apache.spark:spark-network-common_2.12:3.1.2
[info] org.json4s:json4s-scalap_2.12:3.7.0-M5
[info] aopalliance:aopalliance:1.0
[info] org.slf4j:slf4j-log4j12:1.7.30
[info] dnsjava:dnsjava:2.1.7
[info] org.apache.kerby:token-provider:1.0.1
[info] org.apache.kerby:token-provider:1.0.1
[info] org.apache.kerby:token-provider:1.0.1
[info] org.apache.hadoop:hadoop-client:3.2.0
[info] org.antlr:antlr4-runtime:4.8-1
[info] org.apache.spark:spark-sketch_2.12:3.1.2
[info] net.sf.py4j:py4j:0.10.9
[info] org.apache.commons:commons-crypto:1.1.0
[info] org.apache.kerby:kerb-admin:1.0.1
[info] org.apache.kerby:kerb-admin:1.0.1
[info] org.apache.kerby:kerb-admin:1.0.1
[info] org.roaringbitmap:RoaringBitmap:0.9.0
[info] com.fasterxml.jackson.module:jackson-module-jaxb-annotations:2.9.5
[info] com.fasterxml.jackson.module:jackson-module-jaxb-annotations:2.9.5
[info] com.google.re2j:re2j:1.1
[info] org.apache.hadoop:hadoop-yarn-client:3.2.0
[info] org.apache.hadoop:hadoop-yarn-client:3.2.0
[info] org.apache.hadoop:hadoop-yarn-client:3.2.0
[info] net.minidev:accessors-smart:1.2
[info] net.minidev:accessors-smart:1.2
[info] net.minidev:accessors-smart:1.2
[info] com.nimbusds:nimbus-jose-jwt:4.41.1
[info] com.nimbusds:nimbus-jose-jwt:4.41.1
[info] com.nimbusds:nimbus-jose-jwt:4.41.1
[info] com.nimbusds:nimbus-jose-jwt:4.41.1
[info] com.nimbusds:nimbus-jose-jwt:4.41.1
[info] com.nimbusds:nimbus-jose-jwt:4.41.1
[info] org.glassfish.hk2:hk2-locator:2.6.1
[info] jakarta.servlet:jakarta.servlet-api:4.0.3
[info] org.objenesis:objenesis:2.5.1
[info] org.apache.commons:commons-lang3:3.10
[info] commons-cli:commons-cli:1.2
[info] commons-cli:commons-cli:1.2
[info] commons-cli:commons-cli:1.2
[info] org.fusesource.leveldbjni:leveldbjni-all:1.8
[info] com.univocity:univocity-parsers:2.9.1
[info] org.codehaus.janino:commons-compiler:3.0.16
[info] com.squareup.okhttp:okhttp:2.7.5
[info] com.squareup.okhttp:okhttp:2.7.5
[info] com.squareup.okhttp:okhttp:2.7.5
[info] org.apache.curator:curator-recipes:2.13.0
[info] org.apache.curator:curator-recipes:2.13.0
[info] org.apache.curator:curator-client:2.13.0
[info] org.apache.curator:curator-client:2.13.0
[info] org.apache.curator:curator-client:2.13.0
[info] org.apache.curator:curator-client:2.13.0
[info] org.apache.hive:hive-storage-api:2.7.2
[info] org.apache.avro:avro-ipc:1.8.2
[info] org.apache.parquet:parquet-encoding:1.10.1
[info] org.apache.zookeeper:zookeeper:3.4.14
[info] org.apache.zookeeper:zookeeper:3.4.14
[info] org.apache.zookeeper:zookeeper:3.4.14
[info] org.apache.zookeeper:zookeeper:3.4.14
[info] org.apache.zookeeper:zookeeper:3.4.14
[info] org.apache.zookeeper:zookeeper:3.4.14
[info] org.apache.yetus:audience-annotations:0.5.0
[info] org.apache.yetus:audience-annotations:0.5.0
[info] org.apache.yetus:audience-annotations:0.5.0
[info] org.apache.yetus:audience-annotations:0.5.0
[info] org.apache.yetus:audience-annotations:0.5.0
[info] org.apache.yetus:audience-annotations:0.5.0
[info] jakarta.ws.rs:jakarta.ws.rs-api:2.1.6
[info] org.apache.hadoop:hadoop-hdfs-client:3.2.0
[info] org.apache.hadoop:hadoop-hdfs-client:3.2.0
[info] org.apache.hadoop:hadoop-hdfs-client:3.2.0
[info] io.dropwizard.metrics:metrics-core:4.1.1
[info] com.google.code.findbugs:jsr305:3.0.2
[info] io.dropwizard.metrics:metrics-graphite:4.1.1
[info] org.glassfish.jersey.media:jersey-media-jaxb:2.30
[info] org.glassfish.jersey.media:jersey-media-jaxb:2.30
[info] org.apache.spark:spark-tags_2.12:3.1.2
[info] com.thoughtworks.paranamer:paranamer:2.8
[info] org.scala-lang:scala-library:2.12.3
[info] org.eclipse.jetty:jetty-security:9.3.24.v20180605
[info] com.fasterxml.jackson.core:jackson-core:2.10.0
[info] org.apache.hadoop:hadoop-annotations:3.2.0
[info] org.apache.hadoop:hadoop-annotations:3.2.0
[info] org.glassfish.hk2.external:aopalliance-repackaged:2.6.1
[info] com.github.spotbugs:spotbugs-annotations:3.1.9
[info] com.github.spotbugs:spotbugs-annotations:3.1.9
[info] com.github.spotbugs:spotbugs-annotations:3.1.9
[info] com.github.spotbugs:spotbugs-annotations:3.1.9
[info] com.github.spotbugs:spotbugs-annotations:3.1.9
[info] jakarta.validation:jakarta.validation-api:2.0.2
[info] jakarta.validation:jakarta.validation-api:2.0.2
[info] org.apache.httpcomponents:httpclient:4.5.2
[info] org.apache.httpcomponents:httpclient:4.5.2
[info] org.apache.httpcomponents:httpclient:4.5.2
[info] com.esotericsoftware:minlog:1.3.0
[info] org.apache.hadoop:hadoop-mapreduce-client-jobclient:3.2.0
[info] io.airlift:aircompressor:0.10
[info] org.spark-project.spark:unused:1.0.0
[info] org.apache.arrow:arrow-vector:2.0.0
[info] org.apache.kerby:kerb-identity:1.0.1
[info] org.apache.kerby:kerb-identity:1.0.1
[info] org.apache.kerby:kerb-identity:1.0.1
[info] org.json4s:json4s-ast_2.12:3.7.0-M5
[info] org.glassfish.jersey.core:jersey-client:2.30
[info] org.lz4:lz4-java:1.7.1
[info] org.apache.parquet:parquet-hadoop:1.10.1
[info] com.github.stephenc.jcip:jcip-annotations:1.0-1
[info] com.github.stephenc.jcip:jcip-annotations:1.0-1
[info] com.github.stephenc.jcip:jcip-annotations:1.0-1
[info] com.github.stephenc.jcip:jcip-annotations:1.0-1
[info] com.github.stephenc.jcip:jcip-annotations:1.0-1
[info] com.github.stephenc.jcip:jcip-annotations:1.0-1
[info] org.apache.spark:spark-kvstore_2.12:3.1.2
[info] io.dropwizard.metrics:metrics-jvm:4.1.1
[info] org.apache.kerby:kerby-xdr:1.0.1
[info] org.apache.kerby:kerby-xdr:1.0.1
[info] org.apache.kerby:kerby-xdr:1.0.1
[info] org.glassfish.jersey.core:jersey-server:2.30
[info] org.glassfish.jersey.core:jersey-server:2.30
[info] org.apache.kerby:kerb-server:1.0.1
[info] org.apache.kerby:kerb-server:1.0.1
[info] org.apache.kerby:kerb-server:1.0.1
[info] org.glassfish.jersey.inject:jersey-hk2:2.30
[info] org.apache.spark:spark-launcher_2.12:3.1.2
[info] jakarta.annotation:jakarta.annotation-api:1.3.5
[info] jakarta.annotation:jakarta.annotation-api:1.3.5
[info] jakarta.annotation:jakarta.annotation-api:1.3.5
[info] com.google.code.gson:gson:2.2.4
[info] commons-beanutils:commons-beanutils:1.9.3
[info] org.apache.commons:commons-text:1.6
[info] commons-io:commons-io:2.5
[info] commons-io:commons-io:2.5
[info] commons-io:commons-io:2.5
[info] org.slf4j:slf4j-api:1.7.30
[info] org.apache.kerby:kerb-core:1.0.1
[info] org.apache.kerby:kerb-core:1.0.1
[info] org.apache.kerby:kerb-core:1.0.1
[info] org.scala-lang.modules:scala-parser-combinators_2.12:1.1.2
[info] com.fasterxml.jackson.core:jackson-annotations:2.10.0
[info] javax.servlet.jsp:jsp-api:2.1
[info] org.apache.spark:spark-network-shuffle_2.12:3.1.2
[info] commons-net:commons-net:3.6
[info] org.apache.hadoop:hadoop-mapreduce-client-common:3.2.0
[info] org.apache.spark:spark-catalyst_2.12:3.1.2
[info] commons-lang:commons-lang:2.6
[info] commons-lang:commons-lang:2.6
[info] com.twitter:chill-java:0.9.5
[info] org.apache.orc:orc-mapreduce:1.5.12
[info] org.apache.kerby:kerb-crypto:1.0.1
[info] org.apache.kerby:kerb-crypto:1.0.1
[info] org.apache.kerby:kerb-crypto:1.0.1
[info] org.slf4j:jcl-over-slf4j:1.7.30
[info] org.codehaus.jackson:jackson-core-asl:1.9.13
[info] com.google.flatbuffers:flatbuffers-java:1.9.0
[info] com.esotericsoftware:kryo-shaded:4.0.2
[info] commons-collections:commons-collections:3.2.2
[info] org.apache.arrow:arrow-memory-netty:2.0.0
[info] org.glassfish.jersey.containers:jersey-container-servlet:2.30
[info] com.clearspring.analytics:stream:2.9.6
[info] org.tukaani:xz:1.5
[info] com.ning:compress-lzf:1.0.3
[info] org.threeten:threeten-extra:1.5.0
[info] org.glassfish.hk2:hk2-utils:2.6.1
[info] org.apache.avro:avro:1.8.2
[info] io.netty:netty-all:4.1.51.Final
[info] com.fasterxml.jackson.core:jackson-databind:2.10.0
[info] com.fasterxml.jackson.module:jackson-module-paranamer:2.10.0
[info] org.glassfish.jersey.core:jersey-common:2.30
[info] org.glassfish.jersey.core:jersey-common:2.30
[info] org.slf4j:jul-to-slf4j:1.7.30
[info] org.roaringbitmap:shims:0.9.0
[info] org.json4s:json4s-core_2.12:3.7.0-M5
[info] org.apache.httpcomponents:httpcore:4.4.4
[info] org.apache.httpcomponents:httpcore:4.4.4
[info] org.apache.httpcomponents:httpcore:4.4.4
[info] org.xerial.snappy:snappy-java:1.1.8.2
[info] org.xerial.snappy:snappy-java:1.1.8.2
[info] org.apache.kerby:kerby-config:1.0.1
[info] org.apache.kerby:kerby-config:1.0.1
[info] org.apache.kerby:kerby-config:1.0.1
[info] com.twitter:chill_2.12:0.9.5
[info] io.dropwizard.metrics:metrics-jmx:4.1.1
[info] org.json4s:json4s-jackson_2.12:3.7.0-M5
[info] org.apache.curator:curator-framework:2.13.0
[info] org.apache.curator:curator-framework:2.13.0
[info] org.apache.curator:curator-framework:2.13.0
[info] org.apache.curator:curator-framework:2.13.0
[info] org.apache.orc:orc-shims:1.5.12
[info] com.github.luben:zstd-jni:1.4.8-1
[info] com.fasterxml.jackson.jaxrs:jackson-jaxrs-json-provider:2.9.5
[info] com.fasterxml.jackson.jaxrs:jackson-jaxrs-json-provider:2.9.5
[info] javax.activation:activation:1.1.1
[info] org.apache.hadoop:hadoop-yarn-api:3.2.0
[info] org.apache.hadoop:hadoop-yarn-api:3.2.0
[info] com.google.protobuf:protobuf-java:2.5.0
[info] com.google.protobuf:protobuf-java:2.5.0
[info] com.google.protobuf:protobuf-java:2.5.0
[info] com.google.protobuf:protobuf-java:2.5.0
[info] org.glassfish.hk2:osgi-resource-locator:1.0.3
[info] org.glassfish.hk2:osgi-resource-locator:1.0.3
[info] org.apache.spark:spark-core_2.12:3.1.2
[info] io.netty:netty:3.10.6.Final
[info] org.javassist:javassist:3.25.0-GA
[info] org.apache.orc:orc-core:1.5.12
[info] org.apache.parquet:parquet-jackson:1.10.1
[info] org.apache.hadoop:hadoop-auth:3.2.0
[info] org.apache.hadoop:hadoop-auth:3.2.0
[info] org.apache.hadoop:hadoop-auth:3.2.0
[info] org.apache.kerby:kerb-common:1.0.1
[info] org.apache.kerby:kerb-common:1.0.1
[info] org.apache.kerby:kerb-common:1.0.1
[info] org.apache.ivy:ivy:2.4.0
[info] org.apache.htrace:htrace-core4:4.1.0-incubating
[info] org.apache.avro:avro-mapred:1.8.2-hadoop2
[info] org.apache.commons:commons-configuration2:2.1.1
[info] org.apache.kerby:kerby-pkix:1.0.1
[info] org.apache.kerby:kerby-pkix:1.0.1
[info] org.apache.kerby:kerby-pkix:1.0.1
[info] org.codehaus.jackson:jackson-mapper-asl:1.9.13
[info] org.apache.commons:commons-compress:1.8.1
[info] org.codehaus.janino:janino:3.0.16
[info] org.apache.kerby:kerb-util:1.0.1
[info] org.apache.kerby:kerb-util:1.0.1
[info] org.apache.kerby:kerb-util:1.0.1
[info] net.razorvine:pyrolite:4.30
[info] commons-codec:commons-codec:1.11
[info] commons-codec:commons-codec:1.11
[info] javax.xml.bind:jaxb-api:2.2.11
[info] javax.xml.bind:jaxb-api:2.2.11
[info] org.apache.arrow:arrow-memory-core:2.0.0
[info] org.apache.arrow:arrow-memory-core:2.0.0
[info] org.eclipse.jetty:jetty-util:9.3.24.v20180605
[info] org.eclipse.jetty:jetty-util:9.3.24.v20180605
[info] org.apache.parquet:parquet-column:1.10.1
[info] org.apache.spark:spark-sql_2.12:3.1.2
[info] [jars] unmanaged dependencies:
[info] [jars] explicit dependencies:
[info] [jars] Create a bin folder: target/pack/bin
[info] [jars] Generating launch scripts
[warn] [jars] No mapping (program name) -> MainClass is defined. Please set packMain variable (Map[String, String]) in your sbt project settings.
[info] [jars] packed resource directories = /mnt/a/Projects/Blog/content/post/2022-01-03-scala-data-structures/jars/src/pack
[info] [jars] Generating target/pack/Makefile
[info] [jars] Generating target/pack/VERSION
[info] [jars] done.
[success] Total time: 8 s, completed Jan 6, 2022 11:19:40 AM
